<?xml version="1.0" encoding="UTF-8"?>
<testsuite xmlns:xsi="http://www.w3.org/2001/XMLSchema-instance" xsi:noNamespaceSchemaLocation="https://maven.apache.org/surefire/maven-surefire-plugin/xsd/surefire-test-report-3.0.xsd" version="3.0" name="step_definitions.RunCukesTest" time="535.829" tests="133" errors="0" skipped="0" failures="0">
  <properties>
[...]
</properties>
  <testcase name="Given User open the website management mentee" classname="Scenario: &quot; Show List CLASS with Valid Data &quot;" time="0.002">
    <system-out><![CDATA[@ManagementMentee @ListVisky
Feature: User could create class, edit class, delete class, and see listed class
]]></system-out>
    <system-err><![CDATA[SLF4J: Failed to load class "org.slf4j.impl.StaticLoggerBinder".
SLF4J: Defaulting to no-operation (NOP) logger implementation
SLF4J: See http://www.slf4j.org/codes.html#StaticLoggerBinder for further details.
Starting ChromeDriver 109.0.5414.74 (e7c5703604daa9cc128ccf5a5d3e993513758913-refs/branch-heads/5414@{#1172}) on port 54521
Only local connections are allowed.
Please see https://chromedriver.chromium.org/security-considerations for suggestions on keeping ChromeDriver safe.
ChromeDriver was started successfully.
Mar 20, 2023 7:42:36 AM org.openqa.selenium.remote.ProtocolHandshake createSession
INFO: Detected dialect: W3C
Mar 20, 2023 7:42:36 AM org.openqa.selenium.devtools.CdpVersionFinder findNearestMatch
WARNING: Unable to find an exact match for CDP version 109, so returning the closest version found: a no-op implementation
Mar 20, 2023 7:42:36 AM org.openqa.selenium.devtools.CdpVersionFinder findNearestMatch
INFO: Unable to find CDP implementation matching 109.
Mar 20, 2023 7:42:36 AM org.openqa.selenium.chromium.ChromiumDriver lambda$new$3
WARNING: Unable to find version of CDP to use for . You may need to include a dependency on a specific version of the CDP using something similar to `org.seleniumhq.selenium:selenium-devtools-v86:4.1.2` where the version ("v86") matches the version of the chromium-based browser you're using and the version number of the artifact is the same as Selenium's.
]]></system-err>
  </testcase>
  <testcase name="Given User open the website management mentee" classname="Scenario: &quot; Show List CLASS with Valid Data &quot;" time="0">
    <system-out><![CDATA[
  @ListClass @Positive
  Scenario: " Show List CLASS with Valid Data "                                          &amp#27;[90m# features/ListClassAndUserViski.feature:5&amp#27;[0m
    &amp#27;[32mGiven &amp#27;[0m&amp#27;[32mUser open the website management mentee&amp#27;[0m                                        &amp#27;[90m# UserAliaSteps.userOpenTheWebsiteManagementMentee()&amp#27;[0m
    &amp#27;[32mWhen &amp#27;[0m&amp#27;[32mUser input "&amp#27;[0m&amp#27;[32m&amp#27;[1marshidiq500@gmail.com&amp#27;[0m&amp#27;[32m" as userName and input "&amp#27;[0m&amp#27;[32m&amp#27;[1mpassword&amp#27;[0m&amp#27;[32m" as password&amp#27;[0m &amp#27;[90m# SuperAdminSteps.inputCredential(String,String)&amp#27;[0m
    &amp#27;[32mThen &amp#27;[0m&amp#27;[32mUser already sign in as user at management mente website&amp#27;[0m                        &amp#27;[90m# UserAliaSteps.userAlreadySignInAsUserAdminAtManagementMenteWebsite()&amp#27;[0m
    &amp#27;[32mAnd &amp#27;[0m&amp#27;[32mUser click button OK&amp#27;[0m                                                             &amp#27;[90m# SuperAdminSteps.userClickButtonOK()&amp#27;[0m
    &amp#27;[32mWhen &amp#27;[0m&amp#27;[32mUser click menu Class&amp#27;[0m                                                           &amp#27;[90m# ListClassAndUserSteps.userClickMenuClass()&amp#27;[0m
    &amp#27;[32mAnd &amp#27;[0m&amp#27;[32mLIST CLASS&amp#27;[0m                                                                       &amp#27;[90m# ListClassAndUserSteps.validationHeader()&amp#27;[0m
]]></system-out>
    <system-err><![CDATA[Starting ChromeDriver 109.0.5414.74 (e7c5703604daa9cc128ccf5a5d3e993513758913-refs/branch-heads/5414@{#1172}) on port 51931
Only local connections are allowed.
Please see https://chromedriver.chromium.org/security-considerations for suggestions on keeping ChromeDriver safe.
ChromeDriver was started successfully.
Mar 20, 2023 7:42:59 AM org.openqa.selenium.remote.ProtocolHandshake createSession
INFO: Detected dialect: W3C
Mar 20, 2023 7:42:59 AM org.openqa.selenium.devtools.CdpVersionFinder findNearestMatch
WARNING: Unable to find an exact match for CDP version 109, so returning the closest version found: a no-op implementation
Mar 20, 2023 7:42:59 AM org.openqa.selenium.devtools.CdpVersionFinder findNearestMatch
INFO: Unable to find CDP implementation matching 109.
Mar 20, 2023 7:42:59 AM org.openqa.selenium.chromium.ChromiumDriver lambda$new$3
WARNING: Unable to find version of CDP to use for . You may need to include a dependency on a specific version of the CDP using something similar to `org.seleniumhq.selenium:selenium-devtools-v86:4.1.2` where the version ("v86") matches the version of the chromium-based browser you're using and the version number of the artifact is the same as Selenium's.
]]></system-err>
  </testcase>
  <testcase name="Given User open the website management mentee" classname="Scenario: &quot; Show List CLASS with Valid Data &quot;" time="0">
    <system-out><![CDATA[
  #  Validate listed users
  @ListUsers @Positive
  Scenario: " Show List User with Valid Data "                                  &amp#27;[90m# features/ListClassAndUserViski.feature:24&amp#27;[0m
    &amp#27;[32mGiven &amp#27;[0m&amp#27;[32mUser open the website management mentee&amp#27;[0m                               &amp#27;[90m# UserAliaSteps.userOpenTheWebsiteManagementMentee()&amp#27;[0m
    &amp#27;[32mWhen &amp#27;[0m&amp#27;[32mUser input "&amp#27;[0m&amp#27;[32m&amp#27;[1mtomas@gmail.com&amp#27;[0m&amp#27;[32m" as userName and input "&amp#27;[0m&amp#27;[32m&amp#27;[1m12345&amp#27;[0m&amp#27;[32m" as password&amp#27;[0m &amp#27;[90m# SuperAdminSteps.inputCredential(String,String)&amp#27;[0m
    &amp#27;[32mThen &amp#27;[0m&amp#27;[32mUser already sign in as user at management mente website&amp#27;[0m               &amp#27;[90m# UserAliaSteps.userAlreadySignInAsUserAdminAtManagementMenteWebsite()&amp#27;[0m
    &amp#27;[32mAnd &amp#27;[0m&amp#27;[32mUser click button OK&amp#27;[0m                                                    &amp#27;[90m# SuperAdminSteps.userClickButtonOK()&amp#27;[0m
    &amp#27;[32mWhen &amp#27;[0m&amp#27;[32mUser click menu User&amp#27;[0m                                                   &amp#27;[90m# ListClassAndUserSteps.userClickMenuUser()&amp#27;[0m
    &amp#27;[32mAnd &amp#27;[0m&amp#27;[32mLIST USER&amp#27;[0m                                                               &amp#27;[90m# ListClassAndUserSteps.listUSER()&amp#27;[0m
]]></system-out>
    <system-err><![CDATA[Starting ChromeDriver 109.0.5414.74 (e7c5703604daa9cc128ccf5a5d3e993513758913-refs/branch-heads/5414@{#1172}) on port 57590
Only local connections are allowed.
Please see https://chromedriver.chromium.org/security-considerations for suggestions on keeping ChromeDriver safe.
ChromeDriver was started successfully.
Mar 20, 2023 7:43:46 AM org.openqa.selenium.remote.ProtocolHandshake createSession
INFO: Detected dialect: W3C
Mar 20, 2023 7:43:46 AM org.openqa.selenium.devtools.CdpVersionFinder findNearestMatch
WARNING: Unable to find an exact match for CDP version 109, so returning the closest version found: a no-op implementation
Mar 20, 2023 7:43:46 AM org.openqa.selenium.devtools.CdpVersionFinder findNearestMatch
INFO: Unable to find CDP implementation matching 109.
Mar 20, 2023 7:43:46 AM org.openqa.selenium.chromium.ChromiumDriver lambda$new$3
WARNING: Unable to find version of CDP to use for . You may need to include a dependency on a specific version of the CDP using something similar to `org.seleniumhq.selenium:selenium-devtools-v86:4.1.2` where the version ("v86") matches the version of the chromium-based browser you're using and the version number of the artifact is the same as Selenium's.
]]></system-err>
  </testcase>
  <testcase name="When User input &quot;arshidiq500@gmail.com&quot; as userName and input &quot;password&quot; as password" classname="Scenario: &quot; Show List CLASS with Valid Data &quot;" time="0"/>
  <testcase name="When User input &quot;arshidiq500@gmail.com&quot; as userName and input &quot;password&quot; as password" classname="Scenario: &quot; Show List CLASS with Valid Data &quot;" time="0"/>
  <testcase name="When User input &quot;arshidiq500@gmail.com&quot; as userName and input &quot;password&quot; as password" classname="Scenario: &quot; Show List CLASS with Valid Data &quot;" time="0"/>
  <testcase name="Then User already sign in as user at management mente website" classname="Scenario: &quot; Show List CLASS with Valid Data &quot;" time="0"/>
  <testcase name="Then User already sign in as user at management mente website" classname="Scenario: &quot; Show List CLASS with Valid Data &quot;" time="0"/>
  <testcase name="Then User already sign in as user at management mente website" classname="Scenario: &quot; Show List CLASS with Valid Data &quot;" time="0"/>
  <testcase name="And User click button OK" classname="Scenario: &quot; Show List CLASS with Valid Data &quot;" time="0"/>
  <testcase name="And User click button OK" classname="Scenario: &quot; Show List CLASS with Valid Data &quot;" time="0"/>
  <testcase name="And User click button OK" classname="Scenario: &quot; Show List CLASS with Valid Data &quot;" time="0"/>
  <testcase name="When User click menu Class" classname="Scenario: &quot; Show List CLASS with Valid Data &quot;" time="0"/>
  <testcase name="When User click menu Class" classname="Scenario: &quot; Show List CLASS with Valid Data &quot;" time="0"/>
  <testcase name="And LIST CLASS" classname="Scenario: &quot; Show List CLASS with Valid Data &quot;" time="0"/>
  <testcase name="" classname="Scenario: &quot; Show List CLASS with Valid Data &quot;" time="1.257"/>
  <testcase name="" classname="Scenario: &quot; Show List CLASS with Valid Data &quot;" time="1.12"/>
  <testcase name="" classname="Scenario: &quot; Show List CLASS with Valid Data &quot;" time="1.113"/>
  <testcase name="And validation invalid layout Mentee Active 320 in page class" classname="Scenario: &quot; Show List CLASS with Valid Data &quot;" time="0"/>
  <testcase name="When User click menu User" classname="Scenario: &quot; Show List CLASS with Valid Data &quot;" time="0"/>
  <testcase name="And Validation Header Delete" classname="Scenario: &quot; Show List CLASS with Valid Data &quot;" time="0"/>
  <testcase name="Given User open the website management mentee" classname="Scenario: &quot; Show List User with Valid Data &quot;" time="0">
    <system-out><![CDATA[
  @ListClass @Negative
  Scenario: " Show List CLASS with Valid Data "                                          &amp#27;[90m# features/ListClassAndUserViski.feature:14&amp#27;[0m
    &amp#27;[32mGiven &amp#27;[0m&amp#27;[32mUser open the website management mentee&amp#27;[0m                                        &amp#27;[90m# UserAliaSteps.userOpenTheWebsiteManagementMentee()&amp#27;[0m
    &amp#27;[32mWhen &amp#27;[0m&amp#27;[32mUser input "&amp#27;[0m&amp#27;[32m&amp#27;[1marshidiq500@gmail.com&amp#27;[0m&amp#27;[32m" as userName and input "&amp#27;[0m&amp#27;[32m&amp#27;[1mpassword&amp#27;[0m&amp#27;[32m" as password&amp#27;[0m &amp#27;[90m# SuperAdminSteps.inputCredential(String,String)&amp#27;[0m
    &amp#27;[32mThen &amp#27;[0m&amp#27;[32mUser already sign in as user at management mente website&amp#27;[0m                        &amp#27;[90m# UserAliaSteps.userAlreadySignInAsUserAdminAtManagementMenteWebsite()&amp#27;[0m
    &amp#27;[32mAnd &amp#27;[0m&amp#27;[32mUser click button OK&amp#27;[0m                                                             &amp#27;[90m# SuperAdminSteps.userClickButtonOK()&amp#27;[0m
    &amp#27;[32mWhen &amp#27;[0m&amp#27;[32mUser click menu Class&amp#27;[0m                                                           &amp#27;[90m# ListClassAndUserSteps.userClickMenuClass()&amp#27;[0m
    &amp#27;[32mAnd &amp#27;[0m&amp#27;[32mvalidation invalid layout Mentee Active 320 in page class&amp#27;[0m                        &amp#27;[90m# ListClassAndUserSteps.listDASHBOARD()&amp#27;[0m
]]></system-out>
    <system-err><![CDATA[Starting ChromeDriver 109.0.5414.74 (e7c5703604daa9cc128ccf5a5d3e993513758913-refs/branch-heads/5414@{#1172}) on port 50854
Only local connections are allowed.
Please see https://chromedriver.chromium.org/security-considerations for suggestions on keeping ChromeDriver safe.
ChromeDriver was started successfully.
Mar 20, 2023 7:43:23 AM org.openqa.selenium.remote.ProtocolHandshake createSession
INFO: Detected dialect: W3C
Mar 20, 2023 7:43:23 AM org.openqa.selenium.devtools.CdpVersionFinder findNearestMatch
WARNING: Unable to find an exact match for CDP version 109, so returning the closest version found: a no-op implementation
Mar 20, 2023 7:43:23 AM org.openqa.selenium.devtools.CdpVersionFinder findNearestMatch
INFO: Unable to find CDP implementation matching 109.
Mar 20, 2023 7:43:23 AM org.openqa.selenium.chromium.ChromiumDriver lambda$new$3
WARNING: Unable to find version of CDP to use for . You may need to include a dependency on a specific version of the CDP using something similar to `org.seleniumhq.selenium:selenium-devtools-v86:4.1.2` where the version ("v86") matches the version of the chromium-based browser you're using and the version number of the artifact is the same as Selenium's.
]]></system-err>
  </testcase>
  <testcase name="When User input &quot;tomas@gmail.com&quot; as userName and input &quot;12345&quot; as password" classname="Scenario: &quot; Show List User with Valid Data &quot;" time="0"/>
  <testcase name="Then User already sign in as user at management mente website" classname="Scenario: &quot; Show List User with Valid Data &quot;" time="0.001"/>
  <testcase name="And User click button OK" classname="Scenario: &quot; Show List User with Valid Data &quot;" time="0"/>
  <testcase name="When User click menu User" classname="Scenario: &quot; Show List User with Valid Data &quot;" time="0"/>
  <testcase name="And LIST USER" classname="Scenario: &quot; Show List User with Valid Data &quot;" time="0"/>
  <testcase name="" classname="Scenario: &quot; Show List User with Valid Data &quot;" time="1.108"/>
  <testcase name="Given User open management mentee website" classname="Scenario: Create Placement" time="0.001">
    <system-out><![CDATA[
  @ListUsers @Negative
  Scenario: " Show List CLASS with Valid Data "                                          &amp#27;[90m# features/ListClassAndUserViski.feature:33&amp#27;[0m
    &amp#27;[32mGiven &amp#27;[0m&amp#27;[32mUser open the website management mentee&amp#27;[0m                                        &amp#27;[90m# UserAliaSteps.userOpenTheWebsiteManagementMentee()&amp#27;[0m
    &amp#27;[32mWhen &amp#27;[0m&amp#27;[32mUser input "&amp#27;[0m&amp#27;[32m&amp#27;[1marshidiq500@gmail.com&amp#27;[0m&amp#27;[32m" as userName and input "&amp#27;[0m&amp#27;[32m&amp#27;[1mpassword&amp#27;[0m&amp#27;[32m" as password&amp#27;[0m &amp#27;[90m# SuperAdminSteps.inputCredential(String,String)&amp#27;[0m
    &amp#27;[32mThen &amp#27;[0m&amp#27;[32mUser already sign in as user at management mente website&amp#27;[0m                        &amp#27;[90m# UserAliaSteps.userAlreadySignInAsUserAdminAtManagementMenteWebsite()&amp#27;[0m
    &amp#27;[32mAnd &amp#27;[0m&amp#27;[32mUser click button OK&amp#27;[0m                                                             &amp#27;[90m# SuperAdminSteps.userClickButtonOK()&amp#27;[0m
    &amp#27;[32mWhen &amp#27;[0m&amp#27;[32mUser click menu User&amp#27;[0m                                                            &amp#27;[90m# ListClassAndUserSteps.userClickMenuUser()&amp#27;[0m
    &amp#27;[32mAnd &amp#27;[0m&amp#27;[32mValidation Header Delete&amp#27;[0m                                                         &amp#27;[90m# ListClassAndUserSteps.validationHeaderDelete()&amp#27;[0m
@ManagementMentee @LoginSuperAdminShidiq
Feature: Super Admin
  As a super admin i want to create user as placement in website management mentee
]]></system-out>
    <system-err><![CDATA[Starting ChromeDriver 109.0.5414.74 (e7c5703604daa9cc128ccf5a5d3e993513758913-refs/branch-heads/5414@{#1172}) on port 64028
Only local connections are allowed.
Please see https://chromedriver.chromium.org/security-considerations for suggestions on keeping ChromeDriver safe.
ChromeDriver was started successfully.
Mar 20, 2023 7:44:10 AM org.openqa.selenium.remote.ProtocolHandshake createSession
INFO: Detected dialect: W3C
Mar 20, 2023 7:44:10 AM org.openqa.selenium.devtools.CdpVersionFinder findNearestMatch
WARNING: Unable to find an exact match for CDP version 109, so returning the closest version found: a no-op implementation
Mar 20, 2023 7:44:10 AM org.openqa.selenium.devtools.CdpVersionFinder findNearestMatch
INFO: Unable to find CDP implementation matching 109.
Mar 20, 2023 7:44:10 AM org.openqa.selenium.chromium.ChromiumDriver lambda$new$3
WARNING: Unable to find version of CDP to use for . You may need to include a dependency on a specific version of the CDP using something similar to `org.seleniumhq.selenium:selenium-devtools-v86:4.1.2` where the version ("v86") matches the version of the chromium-based browser you're using and the version number of the artifact is the same as Selenium's.
]]></system-err>
  </testcase>
  <testcase name="When User input &quot;arshidiq500@gmail.com&quot; as userName and input &quot;password&quot; as password" classname="Scenario: Create Placement" time="0.001"/>
  <testcase name="Then User already sign in as super admin at management mente website" classname="Scenario: Create Placement" time="0"/>
  <testcase name="And User click button OK" classname="Scenario: Create Placement" time="0"/>
  <testcase name="And Super admin click the user page" classname="Scenario: Create Placement" time="0"/>
  <testcase name="And Super admin click text in page user for create new list user" classname="Scenario: Create Placement" time="0"/>
  <testcase name="And User input name &quot;shidiq5&quot; and email &quot;arshidiq500@gmail.com&quot; and phone number &quot;0895355524717&quot;" classname="Scenario: Create Placement" time="0"/>
  <testcase name="And User click status &quot;Active&quot; and set team &quot;Placement&quot; and address &quot;JL. Maguwo sleman&quot; and click submit" classname="Scenario: Create Placement" time="0"/>
  <testcase name="And Super admin click button OK" classname="Scenario: Create Placement" time="0"/>
  <testcase name="And Super admin click the Logout button" classname="Scenario: Create Placement" time="0"/>
  <testcase name="" classname="Scenario: Create Placement" time="1.117"/>
  <testcase name="Given User open management mentee website" classname="Scenario: Create Mentor" time="0">
    <system-out><![CDATA[
  Scenario: Create Placement                                                                                 &amp#27;[90m# features/SuperAdminShidiq.feature:6&amp#27;[0m
    &amp#27;[32mGiven &amp#27;[0m&amp#27;[32mUser open management mentee website&amp#27;[0m                                                                &amp#27;[90m# SuperAdminSteps.verifyLogin()&amp#27;[0m
    &amp#27;[32mWhen &amp#27;[0m&amp#27;[32mUser input "&amp#27;[0m&amp#27;[32m&amp#27;[1marshidiq500@gmail.com&amp#27;[0m&amp#27;[32m" as userName and input "&amp#27;[0m&amp#27;[32m&amp#27;[1mpassword&amp#27;[0m&amp#27;[32m" as password&amp#27;[0m                     &amp#27;[90m# SuperAdminSteps.inputCredential(String,String)&amp#27;[0m
    &amp#27;[32mThen &amp#27;[0m&amp#27;[32mUser already sign in as super admin at management mente website&amp#27;[0m                                     &amp#27;[90m# SuperAdminSteps.userAlreadySignInAsSuperAdminAtManagementMenteWebsite()&amp#27;[0m
    &amp#27;[32mAnd &amp#27;[0m&amp#27;[32mUser click button OK&amp#27;[0m                                                                                 &amp#27;[90m# SuperAdminSteps.userClickButtonOK()&amp#27;[0m
    &amp#27;[32mAnd &amp#27;[0m&amp#27;[32mSuper admin click the user page&amp#27;[0m                                                                      &amp#27;[90m# SuperAdminSteps.superAdminClickTheUserPage()&amp#27;[0m
    &amp#27;[32mAnd &amp#27;[0m&amp#27;[32mSuper admin click text in page user for create new list user&amp#27;[0m                                         &amp#27;[90m# SuperAdminSteps.superAdminClickTextInPageUserForCreateNewListUser()&amp#27;[0m
    &amp#27;[32mAnd &amp#27;[0m&amp#27;[32mUser input name "&amp#27;[0m&amp#27;[32m&amp#27;[1mshidiq5&amp#27;[0m&amp#27;[32m" and email "&amp#27;[0m&amp#27;[32m&amp#27;[1marshidiq500@gmail.com&amp#27;[0m&amp#27;[32m" and phone number "&amp#27;[0m&amp#27;[32m&amp#27;[1m0895355524717&amp#27;[0m&amp#27;[32m"&amp#27;[0m         &amp#27;[90m# SuperAdminSteps.userInputNameAndEmailAndPhoneNumber(String,String,String)&amp#27;[0m
    &amp#27;[32mAnd &amp#27;[0m&amp#27;[32mUser click status "&amp#27;[0m&amp#27;[32m&amp#27;[1mActive&amp#27;[0m&amp#27;[32m" and set team "&amp#27;[0m&amp#27;[32m&amp#27;[1mPlacement&amp#27;[0m&amp#27;[32m" and address "&amp#27;[0m&amp#27;[32m&amp#27;[1mJL. Maguwo sleman&amp#27;[0m&amp#27;[32m" and click submit&amp#27;[0m &amp#27;[90m# SuperAdminSteps.userClickStatusAndAndAddressAndClickSubmit(String,String,String)&amp#27;[0m
    &amp#27;[32mAnd &amp#27;[0m&amp#27;[32mSuper admin click button OK&amp#27;[0m                                                                          &amp#27;[90m# SuperAdminSteps.superAdminClickButtonOK()&amp#27;[0m
    &amp#27;[32mAnd &amp#27;[0m&amp#27;[32mSuper admin click the Logout button&amp#27;[0m                                                                  &amp#27;[90m# SuperAdminSteps.superAdminClickTheLogoutButton()&amp#27;[0m
]]></system-out>
    <system-err><![CDATA[Starting ChromeDriver 109.0.5414.74 (e7c5703604daa9cc128ccf5a5d3e993513758913-refs/branch-heads/5414@{#1172}) on port 53393
Only local connections are allowed.
Please see https://chromedriver.chromium.org/security-considerations for suggestions on keeping ChromeDriver safe.
ChromeDriver was started successfully.
Mar 20, 2023 7:45:01 AM org.openqa.selenium.remote.ProtocolHandshake createSession
INFO: Detected dialect: W3C
Mar 20, 2023 7:45:01 AM org.openqa.selenium.devtools.CdpVersionFinder findNearestMatch
WARNING: Unable to find an exact match for CDP version 109, so returning the closest version found: a no-op implementation
Mar 20, 2023 7:45:01 AM org.openqa.selenium.devtools.CdpVersionFinder findNearestMatch
INFO: Unable to find CDP implementation matching 109.
Mar 20, 2023 7:45:01 AM org.openqa.selenium.chromium.ChromiumDriver lambda$new$3
WARNING: Unable to find version of CDP to use for . You may need to include a dependency on a specific version of the CDP using something similar to `org.seleniumhq.selenium:selenium-devtools-v86:4.1.2` where the version ("v86") matches the version of the chromium-based browser you're using and the version number of the artifact is the same as Selenium's.
]]></system-err>
  </testcase>
  <testcase name="When User input &quot;arshidiq500@gmail.com&quot; as userName and input &quot;password&quot; as password" classname="Scenario: Create Mentor" time="0"/>
  <testcase name="Then User already sign in as super admin at management mente website" classname="Scenario: Create Mentor" time="0.008"/>
  <testcase name="And User click button OK" classname="Scenario: Create Mentor" time="0"/>
  <testcase name="And Super admin click the user page" classname="Scenario: Create Mentor" time="0"/>
  <testcase name="And Super admin click text in page user for create new list user" classname="Scenario: Create Mentor" time="0"/>
  <testcase name="And User input name &quot;shidiq6&quot; and email &quot;arshidiq500@gmail.com&quot; and phone number &quot;0895355524717&quot;" classname="Scenario: Create Mentor" time="0"/>
  <testcase name="And User click status &quot;nonActive&quot; and set team &quot;Mentor&quot; and address &quot;JL. Maguwo sleman&quot; and click submit" classname="Scenario: Create Mentor" time="0"/>
  <testcase name="And Super admin click button OK" classname="Scenario: Create Mentor" time="0"/>
  <testcase name="And Super admin click the Logout button" classname="Scenario: Create Mentor" time="0"/>
  <testcase name="" classname="Scenario: Create Mentor" time="1.129"/>
  <testcase name="Given User open management mentee website" classname="Scenario: Create Poeple Skill" time="0">
    <system-out><![CDATA[
  Scenario: Create Mentor                                                                                    &amp#27;[90m# features/SuperAdminShidiq.feature:19&amp#27;[0m
    &amp#27;[32mGiven &amp#27;[0m&amp#27;[32mUser open management mentee website&amp#27;[0m                                                                &amp#27;[90m# SuperAdminSteps.verifyLogin()&amp#27;[0m
    &amp#27;[32mWhen &amp#27;[0m&amp#27;[32mUser input "&amp#27;[0m&amp#27;[32m&amp#27;[1marshidiq500@gmail.com&amp#27;[0m&amp#27;[32m" as userName and input "&amp#27;[0m&amp#27;[32m&amp#27;[1mpassword&amp#27;[0m&amp#27;[32m" as password&amp#27;[0m                     &amp#27;[90m# SuperAdminSteps.inputCredential(String,String)&amp#27;[0m
    &amp#27;[32mThen &amp#27;[0m&amp#27;[32mUser already sign in as super admin at management mente website&amp#27;[0m                                     &amp#27;[90m# SuperAdminSteps.userAlreadySignInAsSuperAdminAtManagementMenteWebsite()&amp#27;[0m
    &amp#27;[32mAnd &amp#27;[0m&amp#27;[32mUser click button OK&amp#27;[0m                                                                                 &amp#27;[90m# SuperAdminSteps.userClickButtonOK()&amp#27;[0m
    &amp#27;[32mAnd &amp#27;[0m&amp#27;[32mSuper admin click the user page&amp#27;[0m                                                                      &amp#27;[90m# SuperAdminSteps.superAdminClickTheUserPage()&amp#27;[0m
    &amp#27;[32mAnd &amp#27;[0m&amp#27;[32mSuper admin click text in page user for create new list user&amp#27;[0m                                         &amp#27;[90m# SuperAdminSteps.superAdminClickTextInPageUserForCreateNewListUser()&amp#27;[0m
    &amp#27;[32mAnd &amp#27;[0m&amp#27;[32mUser input name "&amp#27;[0m&amp#27;[32m&amp#27;[1mshidiq6&amp#27;[0m&amp#27;[32m" and email "&amp#27;[0m&amp#27;[32m&amp#27;[1marshidiq500@gmail.com&amp#27;[0m&amp#27;[32m" and phone number "&amp#27;[0m&amp#27;[32m&amp#27;[1m0895355524717&amp#27;[0m&amp#27;[32m"&amp#27;[0m         &amp#27;[90m# SuperAdminSteps.userInputNameAndEmailAndPhoneNumber(String,String,String)&amp#27;[0m
    &amp#27;[32mAnd &amp#27;[0m&amp#27;[32mUser click status "&amp#27;[0m&amp#27;[32m&amp#27;[1mnonActive&amp#27;[0m&amp#27;[32m" and set team "&amp#27;[0m&amp#27;[32m&amp#27;[1mMentor&amp#27;[0m&amp#27;[32m" and address "&amp#27;[0m&amp#27;[32m&amp#27;[1mJL. Maguwo sleman&amp#27;[0m&amp#27;[32m" and click submit&amp#27;[0m &amp#27;[90m# SuperAdminSteps.userClickStatusAndAndAddressAndClickSubmit(String,String,String)&amp#27;[0m
    &amp#27;[32mAnd &amp#27;[0m&amp#27;[32mSuper admin click button OK&amp#27;[0m                                                                          &amp#27;[90m# SuperAdminSteps.superAdminClickButtonOK()&amp#27;[0m
    &amp#27;[32mAnd &amp#27;[0m&amp#27;[32mSuper admin click the Logout button&amp#27;[0m                                                                  &amp#27;[90m# SuperAdminSteps.superAdminClickTheLogoutButton()&amp#27;[0m
]]></system-out>
    <system-err><![CDATA[Starting ChromeDriver 109.0.5414.74 (e7c5703604daa9cc128ccf5a5d3e993513758913-refs/branch-heads/5414@{#1172}) on port 64270
Only local connections are allowed.
Please see https://chromedriver.chromium.org/security-considerations for suggestions on keeping ChromeDriver safe.
ChromeDriver was started successfully.
Mar 20, 2023 7:45:51 AM org.openqa.selenium.remote.ProtocolHandshake createSession
INFO: Detected dialect: W3C
Mar 20, 2023 7:45:51 AM org.openqa.selenium.devtools.CdpVersionFinder findNearestMatch
WARNING: Unable to find an exact match for CDP version 109, so returning the closest version found: a no-op implementation
Mar 20, 2023 7:45:51 AM org.openqa.selenium.devtools.CdpVersionFinder findNearestMatch
INFO: Unable to find CDP implementation matching 109.
Mar 20, 2023 7:45:51 AM org.openqa.selenium.chromium.ChromiumDriver lambda$new$3
WARNING: Unable to find version of CDP to use for . You may need to include a dependency on a specific version of the CDP using something similar to `org.seleniumhq.selenium:selenium-devtools-v86:4.1.2` where the version ("v86") matches the version of the chromium-based browser you're using and the version number of the artifact is the same as Selenium's.
]]></system-err>
  </testcase>
  <testcase name="When User input &quot;arshidiq500@gmail.com&quot; as userName and input &quot;password&quot; as password" classname="Scenario: Create Poeple Skill" time="0"/>
  <testcase name="Then User already sign in as super admin at management mente website" classname="Scenario: Create Poeple Skill" time="0"/>
  <testcase name="And User click button OK" classname="Scenario: Create Poeple Skill" time="0"/>
  <testcase name="And Super admin click the user page" classname="Scenario: Create Poeple Skill" time="0"/>
  <testcase name="And Super admin click text in page user for create new list user" classname="Scenario: Create Poeple Skill" time="0"/>
  <testcase name="And User input name &quot;shidiq6&quot; and email &quot;arshidiq500@gmail.com&quot; and phone number &quot;0895355524717&quot;" classname="Scenario: Create Poeple Skill" time="0"/>
  <testcase name="And User click status &quot;nonActive&quot; and set team &quot;Poeple Skill&quot; and address &quot;JL. Maguwo sleman&quot; and click submit" classname="Scenario: Create Poeple Skill" time="0"/>
  <testcase name="And Super admin click button OK" classname="Scenario: Create Poeple Skill" time="0"/>
  <testcase name="And Super admin click the Logout button" classname="Scenario: Create Poeple Skill" time="0"/>
  <testcase name="" classname="Scenario: Create Poeple Skill" time="1.111"/>
  <testcase name="Given User open management mentee website" classname="Scenario: Update data" time="0">
    <system-out><![CDATA[
  @Defect
  Scenario: Create Poeple Skill                                                                                    &amp#27;[90m# features/SuperAdminShidiq.feature:33&amp#27;[0m
    &amp#27;[32mGiven &amp#27;[0m&amp#27;[32mUser open management mentee website&amp#27;[0m                                                                      &amp#27;[90m# SuperAdminSteps.verifyLogin()&amp#27;[0m
    &amp#27;[32mWhen &amp#27;[0m&amp#27;[32mUser input "&amp#27;[0m&amp#27;[32m&amp#27;[1marshidiq500@gmail.com&amp#27;[0m&amp#27;[32m" as userName and input "&amp#27;[0m&amp#27;[32m&amp#27;[1mpassword&amp#27;[0m&amp#27;[32m" as password&amp#27;[0m                           &amp#27;[90m# SuperAdminSteps.inputCredential(String,String)&amp#27;[0m
    &amp#27;[32mThen &amp#27;[0m&amp#27;[32mUser already sign in as super admin at management mente website&amp#27;[0m                                           &amp#27;[90m# SuperAdminSteps.userAlreadySignInAsSuperAdminAtManagementMenteWebsite()&amp#27;[0m
    &amp#27;[32mAnd &amp#27;[0m&amp#27;[32mUser click button OK&amp#27;[0m                                                                                       &amp#27;[90m# SuperAdminSteps.userClickButtonOK()&amp#27;[0m
    &amp#27;[32mAnd &amp#27;[0m&amp#27;[32mSuper admin click the user page&amp#27;[0m                                                                            &amp#27;[90m# SuperAdminSteps.superAdminClickTheUserPage()&amp#27;[0m
    &amp#27;[32mAnd &amp#27;[0m&amp#27;[32mSuper admin click text in page user for create new list user&amp#27;[0m                                               &amp#27;[90m# SuperAdminSteps.superAdminClickTextInPageUserForCreateNewListUser()&amp#27;[0m
    &amp#27;[32mAnd &amp#27;[0m&amp#27;[32mUser input name "&amp#27;[0m&amp#27;[32m&amp#27;[1mshidiq6&amp#27;[0m&amp#27;[32m" and email "&amp#27;[0m&amp#27;[32m&amp#27;[1marshidiq500@gmail.com&amp#27;[0m&amp#27;[32m" and phone number "&amp#27;[0m&amp#27;[32m&amp#27;[1m0895355524717&amp#27;[0m&amp#27;[32m"&amp#27;[0m               &amp#27;[90m# SuperAdminSteps.userInputNameAndEmailAndPhoneNumber(String,String,String)&amp#27;[0m
    &amp#27;[32mAnd &amp#27;[0m&amp#27;[32mUser click status "&amp#27;[0m&amp#27;[32m&amp#27;[1mnonActive&amp#27;[0m&amp#27;[32m" and set team "&amp#27;[0m&amp#27;[32m&amp#27;[1mPoeple Skill&amp#27;[0m&amp#27;[32m" and address "&amp#27;[0m&amp#27;[32m&amp#27;[1mJL. Maguwo sleman&amp#27;[0m&amp#27;[32m" and click submit&amp#27;[0m &amp#27;[90m# SuperAdminSteps.userClickStatusAndAndAddressAndClickSubmit(String,String,String)&amp#27;[0m
    &amp#27;[32mAnd &amp#27;[0m&amp#27;[32mSuper admin click button OK&amp#27;[0m                                                                                &amp#27;[90m# SuperAdminSteps.superAdminClickButtonOK()&amp#27;[0m
    &amp#27;[32mAnd &amp#27;[0m&amp#27;[32mSuper admin click the Logout button&amp#27;[0m                                                                        &amp#27;[90m# SuperAdminSteps.superAdminClickTheLogoutButton()&amp#27;[0m
]]></system-out>
    <system-err><![CDATA[Starting ChromeDriver 109.0.5414.74 (e7c5703604daa9cc128ccf5a5d3e993513758913-refs/branch-heads/5414@{#1172}) on port 52756
Only local connections are allowed.
Please see https://chromedriver.chromium.org/security-considerations for suggestions on keeping ChromeDriver safe.
ChromeDriver was started successfully.
Mar 20, 2023 7:46:43 AM org.openqa.selenium.remote.ProtocolHandshake createSession
INFO: Detected dialect: W3C
Mar 20, 2023 7:46:43 AM org.openqa.selenium.devtools.CdpVersionFinder findNearestMatch
WARNING: Unable to find an exact match for CDP version 109, so returning the closest version found: a no-op implementation
Mar 20, 2023 7:46:43 AM org.openqa.selenium.devtools.CdpVersionFinder findNearestMatch
INFO: Unable to find CDP implementation matching 109.
Mar 20, 2023 7:46:43 AM org.openqa.selenium.chromium.ChromiumDriver lambda$new$3
WARNING: Unable to find version of CDP to use for . You may need to include a dependency on a specific version of the CDP using something similar to `org.seleniumhq.selenium:selenium-devtools-v86:4.1.2` where the version ("v86") matches the version of the chromium-based browser you're using and the version number of the artifact is the same as Selenium's.
]]></system-err>
  </testcase>
  <testcase name="When User input &quot;arshidiq500@gmail.com&quot; as userName and input &quot;password&quot; as password" classname="Scenario: Update data" time="0"/>
  <testcase name="Then User already sign in as super admin at management mente website" classname="Scenario: Update data" time="0"/>
  <testcase name="And User click button OK" classname="Scenario: Update data" time="0"/>
  <testcase name="And Super admin click the user page" classname="Scenario: Update data" time="0"/>
  <testcase name="And Super admin to update data by clicking on the action button with a pencil icon for update data" classname="Scenario: Update data" time="0"/>
  <testcase name="And Super admin click the Logout button" classname="Scenario: Update data" time="0"/>
  <testcase name="" classname="Scenario: Update data" time="1.117"/>
  <testcase name="Given User open management mentee website" classname="Scenario: Delete data" time="0">
    <system-out><![CDATA[
  @Defect
  Scenario: Update data                                                                                &amp#27;[90m# features/SuperAdminShidiq.feature:46&amp#27;[0m
    &amp#27;[32mGiven &amp#27;[0m&amp#27;[32mUser open management mentee website&amp#27;[0m                                                          &amp#27;[90m# SuperAdminSteps.verifyLogin()&amp#27;[0m
    &amp#27;[32mWhen &amp#27;[0m&amp#27;[32mUser input "&amp#27;[0m&amp#27;[32m&amp#27;[1marshidiq500@gmail.com&amp#27;[0m&amp#27;[32m" as userName and input "&amp#27;[0m&amp#27;[32m&amp#27;[1mpassword&amp#27;[0m&amp#27;[32m" as password&amp#27;[0m               &amp#27;[90m# SuperAdminSteps.inputCredential(String,String)&amp#27;[0m
    &amp#27;[32mThen &amp#27;[0m&amp#27;[32mUser already sign in as super admin at management mente website&amp#27;[0m                               &amp#27;[90m# SuperAdminSteps.userAlreadySignInAsSuperAdminAtManagementMenteWebsite()&amp#27;[0m
    &amp#27;[32mAnd &amp#27;[0m&amp#27;[32mUser click button OK&amp#27;[0m                                                                           &amp#27;[90m# SuperAdminSteps.userClickButtonOK()&amp#27;[0m
    &amp#27;[32mAnd &amp#27;[0m&amp#27;[32mSuper admin click the user page&amp#27;[0m                                                                &amp#27;[90m# SuperAdminSteps.superAdminClickTheUserPage()&amp#27;[0m
    &amp#27;[32mAnd &amp#27;[0m&amp#27;[32mSuper admin to update data by clicking on the action button with a pencil icon for update data&amp#27;[0m &amp#27;[90m# SuperAdminSteps.superAdminToUpdateDataByClickingOnTheActionButtonWithAPencilIcon()&amp#27;[0m
    &amp#27;[32mAnd &amp#27;[0m&amp#27;[32mSuper admin click the Logout button&amp#27;[0m                                                            &amp#27;[90m# SuperAdminSteps.superAdminClickTheLogoutButton()&amp#27;[0m
]]></system-out>
    <system-err><![CDATA[Starting ChromeDriver 109.0.5414.74 (e7c5703604daa9cc128ccf5a5d3e993513758913-refs/branch-heads/5414@{#1172}) on port 57932
Only local connections are allowed.
Please see https://chromedriver.chromium.org/security-considerations for suggestions on keeping ChromeDriver safe.
ChromeDriver was started successfully.
Mar 20, 2023 7:47:10 AM org.openqa.selenium.remote.ProtocolHandshake createSession
INFO: Detected dialect: W3C
Mar 20, 2023 7:47:10 AM org.openqa.selenium.devtools.CdpVersionFinder findNearestMatch
WARNING: Unable to find an exact match for CDP version 109, so returning the closest version found: a no-op implementation
Mar 20, 2023 7:47:10 AM org.openqa.selenium.devtools.CdpVersionFinder findNearestMatch
INFO: Unable to find CDP implementation matching 109.
Mar 20, 2023 7:47:10 AM org.openqa.selenium.chromium.ChromiumDriver lambda$new$3
WARNING: Unable to find version of CDP to use for . You may need to include a dependency on a specific version of the CDP using something similar to `org.seleniumhq.selenium:selenium-devtools-v86:4.1.2` where the version ("v86") matches the version of the chromium-based browser you're using and the version number of the artifact is the same as Selenium's.
]]></system-err>
  </testcase>
  <testcase name="When User input &quot;arshidiq500@gmail.com&quot; as userName and input &quot;password&quot; as password" classname="Scenario: Delete data" time="0"/>
  <testcase name="Then User already sign in as super admin at management mente website" classname="Scenario: Delete data" time="0"/>
  <testcase name="And User click button OK" classname="Scenario: Delete data" time="0"/>
  <testcase name="And Super admin click the user page" classname="Scenario: Delete data" time="0"/>
  <testcase name="And Super admin to deleting data by clicking on the action button with a pencil icon for delete data" classname="Scenario: Delete data" time="0"/>
  <testcase name="And Super admin click the Logout button" classname="Scenario: Delete data" time="0"/>
  <testcase name="" classname="Scenario: Delete data" time="1.112"/>
  <testcase name="Given User open the website management mentee" classname="Scenario: Valid login" time="0">
    <system-out><![CDATA[
  @Defect
  Scenario: Delete data                                                                                  &amp#27;[90m# features/SuperAdminShidiq.feature:56&amp#27;[0m
    &amp#27;[32mGiven &amp#27;[0m&amp#27;[32mUser open management mentee website&amp#27;[0m                                                            &amp#27;[90m# SuperAdminSteps.verifyLogin()&amp#27;[0m
    &amp#27;[32mWhen &amp#27;[0m&amp#27;[32mUser input "&amp#27;[0m&amp#27;[32m&amp#27;[1marshidiq500@gmail.com&amp#27;[0m&amp#27;[32m" as userName and input "&amp#27;[0m&amp#27;[32m&amp#27;[1mpassword&amp#27;[0m&amp#27;[32m" as password&amp#27;[0m                 &amp#27;[90m# SuperAdminSteps.inputCredential(String,String)&amp#27;[0m
    &amp#27;[32mThen &amp#27;[0m&amp#27;[32mUser already sign in as super admin at management mente website&amp#27;[0m                                 &amp#27;[90m# SuperAdminSteps.userAlreadySignInAsSuperAdminAtManagementMenteWebsite()&amp#27;[0m
    &amp#27;[32mAnd &amp#27;[0m&amp#27;[32mUser click button OK&amp#27;[0m                                                                             &amp#27;[90m# SuperAdminSteps.userClickButtonOK()&amp#27;[0m
    &amp#27;[32mAnd &amp#27;[0m&amp#27;[32mSuper admin click the user page&amp#27;[0m                                                                  &amp#27;[90m# SuperAdminSteps.superAdminClickTheUserPage()&amp#27;[0m
    &amp#27;[32mAnd &amp#27;[0m&amp#27;[32mSuper admin to deleting data by clicking on the action button with a pencil icon for delete data&amp#27;[0m &amp#27;[90m# SuperAdminSteps.superAdminToDeleteDataByClickingOnTheActionButtonWithAPencilIcon()&amp#27;[0m
    &amp#27;[32mAnd &amp#27;[0m&amp#27;[32mSuper admin click the Logout button&amp#27;[0m                                                              &amp#27;[90m# SuperAdminSteps.superAdminClickTheLogoutButton()&amp#27;[0m
@ManagementMentee @UserAlia
Feature: Attempt to login in Management Mentee
]]></system-out>
    <system-err><![CDATA[Starting ChromeDriver 109.0.5414.74 (e7c5703604daa9cc128ccf5a5d3e993513758913-refs/branch-heads/5414@{#1172}) on port 57995
Only local connections are allowed.
Please see https://chromedriver.chromium.org/security-considerations for suggestions on keeping ChromeDriver safe.
ChromeDriver was started successfully.
Mar 20, 2023 7:47:38 AM org.openqa.selenium.remote.ProtocolHandshake createSession
INFO: Detected dialect: W3C
Mar 20, 2023 7:47:38 AM org.openqa.selenium.devtools.CdpVersionFinder findNearestMatch
WARNING: Unable to find an exact match for CDP version 109, so returning the closest version found: a no-op implementation
Mar 20, 2023 7:47:38 AM org.openqa.selenium.devtools.CdpVersionFinder findNearestMatch
INFO: Unable to find CDP implementation matching 109.
Mar 20, 2023 7:47:38 AM org.openqa.selenium.chromium.ChromiumDriver lambda$new$3
WARNING: Unable to find version of CDP to use for . You may need to include a dependency on a specific version of the CDP using something similar to `org.seleniumhq.selenium:selenium-devtools-v86:4.1.2` where the version ("v86") matches the version of the chromium-based browser you're using and the version number of the artifact is the same as Selenium's.
]]></system-err>
  </testcase>
  <testcase name="Given User open the website management mentee" classname="Scenario: Valid login" time="0">
    <system-out><![CDATA[
  #  @Defect
  #  Scenario: Valid Update
  #    Given User open the website management mentee
  #    When User input "tomas@gmail.com" as userName and input "12345" as password
  #    Then User already sign in as user at management mente website
  #    And User click button OK
  #    When User Click User Menu
  #    When User Click button action
  #    And Validate user in List user page
  @Update @Positive @ByUser
  Scenario: Edit Class                                                          &amp#27;[90m# features/UserAlia.feature:37&amp#27;[0m
    &amp#27;[32mGiven &amp#27;[0m&amp#27;[32mUser open the website management mentee&amp#27;[0m                               &amp#27;[90m# UserAliaSteps.userOpenTheWebsiteManagementMentee()&amp#27;[0m
    &amp#27;[32mWhen &amp#27;[0m&amp#27;[32mUser input "&amp#27;[0m&amp#27;[32m&amp#27;[1mtomas@gmail.com&amp#27;[0m&amp#27;[32m" as userName and input "&amp#27;[0m&amp#27;[32m&amp#27;[1m12345&amp#27;[0m&amp#27;[32m" as password&amp#27;[0m &amp#27;[90m# SuperAdminSteps.inputCredential(String,String)&amp#27;[0m
    &amp#27;[32mThen &amp#27;[0m&amp#27;[32mUser already sign in as user at management mente website&amp#27;[0m               &amp#27;[90m# UserAliaSteps.userAlreadySignInAsUserAdminAtManagementMenteWebsite()&amp#27;[0m
    &amp#27;[32mAnd &amp#27;[0m&amp#27;[32mUser click button OK&amp#27;[0m                                                    &amp#27;[90m# SuperAdminSteps.userClickButtonOK()&amp#27;[0m
    &amp#27;[32mWhen &amp#27;[0m&amp#27;[32mUser Click Class&amp#27;[0m                                                       &amp#27;[90m# UserAliaSteps.userClickClassMenu()&amp#27;[0m
    &amp#27;[32mAnd &amp#27;[0m&amp#27;[32mUser Click pencil&amp#27;[0m                                                       &amp#27;[90m# UserAliaSteps.userClickPencilIcon()&amp#27;[0m
    &amp#27;[32mWhen &amp#27;[0m&amp#27;[32mUser input "&amp#27;[0m&amp#27;[32m&amp#27;[1mTest nama class&amp#27;[0m&amp#27;[32m" as Classname&amp#27;[0m                              &amp#27;[90m# UserAliaSteps.userInputAsUserNameAndInputAsPassword(String)&amp#27;[0m
    &amp#27;[32mAnd &amp#27;[0m&amp#27;[32mUser click submit&amp#27;[0m                                                       &amp#27;[90m# UserAliaSteps.userClickSubmit()&amp#27;[0m
@ManagementMentee @UserIca
Feature: User could create class edit class and delete class
]]></system-out>
    <system-err><![CDATA[Starting ChromeDriver 109.0.5414.74 (e7c5703604daa9cc128ccf5a5d3e993513758913-refs/branch-heads/5414@{#1172}) on port 61213
Only local connections are allowed.
Please see https://chromedriver.chromium.org/security-considerations for suggestions on keeping ChromeDriver safe.
ChromeDriver was started successfully.
Mar 20, 2023 7:49:02 AM org.openqa.selenium.remote.ProtocolHandshake createSession
INFO: Detected dialect: W3C
Mar 20, 2023 7:49:02 AM org.openqa.selenium.devtools.CdpVersionFinder findNearestMatch
WARNING: Unable to find an exact match for CDP version 109, so returning the closest version found: a no-op implementation
Mar 20, 2023 7:49:02 AM org.openqa.selenium.devtools.CdpVersionFinder findNearestMatch
INFO: Unable to find CDP implementation matching 109.
Mar 20, 2023 7:49:02 AM org.openqa.selenium.chromium.ChromiumDriver lambda$new$3
WARNING: Unable to find version of CDP to use for . You may need to include a dependency on a specific version of the CDP using something similar to `org.seleniumhq.selenium:selenium-devtools-v86:4.1.2` where the version ("v86") matches the version of the chromium-based browser you're using and the version number of the artifact is the same as Selenium's.
]]></system-err>
  </testcase>
  <testcase name="When User input &quot;tomas@gmail.com&quot; as userName and input &quot;12345&quot; as password" classname="Scenario: Valid login" time="0"/>
  <testcase name="When User input &quot;tomas@gmail.com&quot; as userName and input &quot;12345&quot; as password" classname="Scenario: Valid login" time="0"/>
  <testcase name="Then User already sign in as user at management mente website" classname="Scenario: Valid login" time="0"/>
  <testcase name="Then User already sign in as user at management mente website" classname="Scenario: Valid login" time="0"/>
  <testcase name="And User click button OK" classname="Scenario: Valid login" time="0"/>
  <testcase name="And User click button OK" classname="Scenario: Valid login" time="0"/>
  <testcase name="" classname="Scenario: Valid login" time="1.123"/>
  <testcase name="" classname="Scenario: Valid login" time="1.105"/>
  <testcase name="When User Click Class" classname="Scenario: Valid login" time="0"/>
  <testcase name="Then User add new class" classname="Scenario: Valid login" time="0"/>
  <testcase name="And Input name &quot;Data Base 1&quot; date start &quot;16/03/2023&quot; date graduate &quot;18/03/2023&quot;" classname="Scenario: Valid login" time="0"/>
  <testcase name="And mentor &quot;tomasss&quot;" classname="Scenario: Valid login" time="0"/>
  <testcase name="Then Should appear &quot;Add New Class Success!&quot;" classname="Scenario: Valid login" time="0"/>
  <testcase name="And Click Oke" classname="Scenario: Valid login" time="0"/>
  <testcase name="Given User open the website management mentee" classname="| xxx@gmail.com | 123 | Wrong Username or Password |" time="0">
    <system-out><![CDATA[
  @LoginAlia
  Scenario: Valid login                                                         &amp#27;[90m# features/UserAlia.feature:5&amp#27;[0m
    &amp#27;[32mGiven &amp#27;[0m&amp#27;[32mUser open the website management mentee&amp#27;[0m                               &amp#27;[90m# UserAliaSteps.userOpenTheWebsiteManagementMentee()&amp#27;[0m
    &amp#27;[32mWhen &amp#27;[0m&amp#27;[32mUser input "&amp#27;[0m&amp#27;[32m&amp#27;[1mtomas@gmail.com&amp#27;[0m&amp#27;[32m" as userName and input "&amp#27;[0m&amp#27;[32m&amp#27;[1m12345&amp#27;[0m&amp#27;[32m" as password&amp#27;[0m &amp#27;[90m# SuperAdminSteps.inputCredential(String,String)&amp#27;[0m
    &amp#27;[32mThen &amp#27;[0m&amp#27;[32mUser already sign in as user at management mente website&amp#27;[0m               &amp#27;[90m# UserAliaSteps.userAlreadySignInAsUserAdminAtManagementMenteWebsite()&amp#27;[0m
    &amp#27;[32mAnd &amp#27;[0m&amp#27;[32mUser click button OK&amp#27;[0m                                                    &amp#27;[90m# SuperAdminSteps.userClickButtonOK()&amp#27;[0m

  @LoginAlia @Negative @ByUser
  Scenario Outline: Invalid Login                                               &amp#27;[90m# features/UserAlia.feature:16&amp#27;[0m
    &amp#27;[36mGiven &amp#27;[0m&amp#27;[36mUser open the website management mentee&amp#27;[0m
    &amp#27;[36mWhen &amp#27;[0m&amp#27;[36mUser input "<userName>" as userName and input "<password>" as password&amp#27;[0m
    &amp#27;[36mThen &amp#27;[0m&amp#27;[36mUser see error "<errorText>" on login page&amp#27;[0m

    Examples: 
]]></system-out>
    <system-err><![CDATA[Starting ChromeDriver 109.0.5414.74 (e7c5703604daa9cc128ccf5a5d3e993513758913-refs/branch-heads/5414@{#1172}) on port 59938
Only local connections are allowed.
Please see https://chromedriver.chromium.org/security-considerations for suggestions on keeping ChromeDriver safe.
ChromeDriver was started successfully.
Mar 20, 2023 7:47:56 AM org.openqa.selenium.remote.ProtocolHandshake createSession
INFO: Detected dialect: W3C
Mar 20, 2023 7:47:56 AM org.openqa.selenium.devtools.CdpVersionFinder findNearestMatch
WARNING: Unable to find an exact match for CDP version 109, so returning the closest version found: a no-op implementation
Mar 20, 2023 7:47:56 AM org.openqa.selenium.devtools.CdpVersionFinder findNearestMatch
INFO: Unable to find CDP implementation matching 109.
Mar 20, 2023 7:47:56 AM org.openqa.selenium.chromium.ChromiumDriver lambda$new$3
WARNING: Unable to find version of CDP to use for . You may need to include a dependency on a specific version of the CDP using something similar to `org.seleniumhq.selenium:selenium-devtools-v86:4.1.2` where the version ("v86") matches the version of the chromium-based browser you're using and the version number of the artifact is the same as Selenium's.
]]></system-err>
  </testcase>
  <testcase name="When User input &quot;xxx@gmail.com&quot; as userName and input &quot;123&quot; as password" classname="| xxx@gmail.com | 123 | Wrong Username or Password |" time="0"/>
  <testcase name="Then User see error &quot;Wrong Username or Password&quot; on login page" classname="| xxx@gmail.com | 123 | Wrong Username or Password |" time="0"/>
  <testcase name="" classname="| xxx@gmail.com | 123 | Wrong Username or Password |" time="1.113"/>
  <testcase name="Given User open the website management mentee" classname="Scenario: Edit Class" time="0">
    <system-out><![CDATA[
  @ManagementMentee @ByUser @UserAlia @LoginAlia @Negative
  Scenario Outline: Invalid Login                                           &amp#27;[90m# features/UserAlia.feature:22&amp#27;[0m
    &amp#27;[32mGiven &amp#27;[0m&amp#27;[32mUser open the website management mentee&amp#27;[0m                           &amp#27;[90m# UserAliaSteps.userOpenTheWebsiteManagementMentee()&amp#27;[0m
    &amp#27;[32mWhen &amp#27;[0m&amp#27;[32mUser input "&amp#27;[0m&amp#27;[32m&amp#27;[1mxxx@gmail.com&amp#27;[0m&amp#27;[32m" as userName and input "&amp#27;[0m&amp#27;[32m&amp#27;[1m123&amp#27;[0m&amp#27;[32m" as password&amp#27;[0m &amp#27;[90m# SuperAdminSteps.inputCredential(String,String)&amp#27;[0m
    &amp#27;[32mThen &amp#27;[0m&amp#27;[32mUser see error "&amp#27;[0m&amp#27;[32m&amp#27;[1mWrong Username or Password&amp#27;[0m&amp#27;[32m" on login page&amp#27;[0m          &amp#27;[90m# UserAliaSteps.verifyErrorText(String)&amp#27;[0m
]]></system-out>
    <system-err><![CDATA[Starting ChromeDriver 109.0.5414.74 (e7c5703604daa9cc128ccf5a5d3e993513758913-refs/branch-heads/5414@{#1172}) on port 64302
Only local connections are allowed.
Please see https://chromedriver.chromium.org/security-considerations for suggestions on keeping ChromeDriver safe.
ChromeDriver was started successfully.
Mar 20, 2023 7:48:18 AM org.openqa.selenium.remote.ProtocolHandshake createSession
INFO: Detected dialect: W3C
Mar 20, 2023 7:48:18 AM org.openqa.selenium.devtools.CdpVersionFinder findNearestMatch
WARNING: Unable to find an exact match for CDP version 109, so returning the closest version found: a no-op implementation
Mar 20, 2023 7:48:18 AM org.openqa.selenium.devtools.CdpVersionFinder findNearestMatch
INFO: Unable to find CDP implementation matching 109.
Mar 20, 2023 7:48:18 AM org.openqa.selenium.chromium.ChromiumDriver lambda$new$3
WARNING: Unable to find version of CDP to use for . You may need to include a dependency on a specific version of the CDP using something similar to `org.seleniumhq.selenium:selenium-devtools-v86:4.1.2` where the version ("v86") matches the version of the chromium-based browser you're using and the version number of the artifact is the same as Selenium's.
]]></system-err>
  </testcase>
  <testcase name="When User input &quot;tomas@gmail.com&quot; as userName and input &quot;12345&quot; as password" classname="Scenario: Edit Class" time="0"/>
  <testcase name="Then User already sign in as user at management mente website" classname="Scenario: Edit Class" time="0"/>
  <testcase name="And User click button OK" classname="Scenario: Edit Class" time="0"/>
  <testcase name="When User Click Class" classname="Scenario: Edit Class" time="0"/>
  <testcase name="And User Click pencil" classname="Scenario: Edit Class" time="0"/>
  <testcase name="When User input &quot;Test nama class&quot; as Classname" classname="Scenario: Edit Class" time="0"/>
  <testcase name="And User click submit" classname="Scenario: Edit Class" time="0"/>
  <testcase name="" classname="Scenario: Edit Class" time="1.124"/>
  <testcase name="Given User open the website management mentee" classname="Scenario: User create class with unfilled data" time="0">
    <system-out><![CDATA[
  @CreateNewClass
  Scenario: Valid login                                                             &amp#27;[90m# features/UserIca.feature:5&amp#27;[0m
    &amp#27;[32mGiven &amp#27;[0m&amp#27;[32mUser open the website management mentee&amp#27;[0m                                   &amp#27;[90m# UserAliaSteps.userOpenTheWebsiteManagementMentee()&amp#27;[0m
    &amp#27;[32mWhen &amp#27;[0m&amp#27;[32mUser input "&amp#27;[0m&amp#27;[32m&amp#27;[1mtomas@gmail.com&amp#27;[0m&amp#27;[32m" as userName and input "&amp#27;[0m&amp#27;[32m&amp#27;[1m12345&amp#27;[0m&amp#27;[32m" as password&amp#27;[0m     &amp#27;[90m# SuperAdminSteps.inputCredential(String,String)&amp#27;[0m
    &amp#27;[32mThen &amp#27;[0m&amp#27;[32mUser already sign in as user at management mente website&amp#27;[0m                   &amp#27;[90m# UserAliaSteps.userAlreadySignInAsUserAdminAtManagementMenteWebsite()&amp#27;[0m
    &amp#27;[32mAnd &amp#27;[0m&amp#27;[32mUser click button OK&amp#27;[0m                                                        &amp#27;[90m# SuperAdminSteps.userClickButtonOK()&amp#27;[0m
    &amp#27;[32mWhen &amp#27;[0m&amp#27;[32mUser Click Class&amp#27;[0m                                                           &amp#27;[90m# UserAliaSteps.userClickClassMenu()&amp#27;[0m
    &amp#27;[32mThen &amp#27;[0m&amp#27;[32mUser add new class&amp#27;[0m                                                         &amp#27;[90m# UserIcaSteps.userAddNewClass()&amp#27;[0m
    &amp#27;[32mAnd &amp#27;[0m&amp#27;[32mInput name "&amp#27;[0m&amp#27;[32m&amp#27;[1mData Base 1&amp#27;[0m&amp#27;[32m" date start "&amp#27;[0m&amp#27;[32m&amp#27;[1m16/03/2023&amp#27;[0m&amp#27;[32m" date graduate "&amp#27;[0m&amp#27;[32m&amp#27;[1m18/03/2023&amp#27;[0m&amp#27;[32m"&amp#27;[0m &amp#27;[90m# UserIcaSteps.inputNameDateStartDateGraduateAndMentor(String,String,String)&amp#27;[0m
    &amp#27;[32mAnd &amp#27;[0m&amp#27;[32mmentor "&amp#27;[0m&amp#27;[32m&amp#27;[1mtomasss&amp#27;[0m&amp#27;[32m"&amp#27;[0m                                                            &amp#27;[90m# UserIcaSteps.mentor(String)&amp#27;[0m
    &amp#27;[32mThen &amp#27;[0m&amp#27;[32mShould appear "&amp#27;[0m&amp#27;[32m&amp#27;[1mAdd New Class Success!&amp#27;[0m&amp#27;[32m"&amp#27;[0m                                     &amp#27;[90m# UserIcaSteps.shouldAppearAddNewClassSuccess(String)&amp#27;[0m
    &amp#27;[32mAnd &amp#27;[0m&amp#27;[32mClick Oke&amp#27;[0m                                                                   &amp#27;[90m# UserIcaSteps.clickOke()&amp#27;[0m
]]></system-out>
    <system-err><![CDATA[Starting ChromeDriver 109.0.5414.74 (e7c5703604daa9cc128ccf5a5d3e993513758913-refs/branch-heads/5414@{#1172}) on port 64929
Only local connections are allowed.
Please see https://chromedriver.chromium.org/security-considerations for suggestions on keeping ChromeDriver safe.
ChromeDriver was started successfully.
Mar 20, 2023 7:49:41 AM org.openqa.selenium.remote.ProtocolHandshake createSession
INFO: Detected dialect: W3C
Mar 20, 2023 7:49:41 AM org.openqa.selenium.devtools.CdpVersionFinder findNearestMatch
WARNING: Unable to find an exact match for CDP version 109, so returning the closest version found: a no-op implementation
Mar 20, 2023 7:49:41 AM org.openqa.selenium.devtools.CdpVersionFinder findNearestMatch
INFO: Unable to find CDP implementation matching 109.
Mar 20, 2023 7:49:41 AM org.openqa.selenium.chromium.ChromiumDriver lambda$new$3
WARNING: Unable to find version of CDP to use for . You may need to include a dependency on a specific version of the CDP using something similar to `org.seleniumhq.selenium:selenium-devtools-v86:4.1.2` where the version ("v86") matches the version of the chromium-based browser you're using and the version number of the artifact is the same as Selenium's.
]]></system-err>
  </testcase>
  <testcase name="When User input &quot;tomas@gmail.com&quot; as userName and input &quot;12345&quot; as password" classname="Scenario: User create class with unfilled data" time="0"/>
  <testcase name="Then User already sign in as user at management mente website" classname="Scenario: User create class with unfilled data" time="0"/>
  <testcase name="And User click button OK" classname="Scenario: User create class with unfilled data" time="0"/>
  <testcase name="When User Click Class" classname="Scenario: User create class with unfilled data" time="0.001"/>
  <testcase name="Then User add new class" classname="Scenario: User create class with unfilled data" time="0"/>
  <testcase name="And Input name &quot;&quot; date start &quot;&quot; date graduate &quot;&quot;" classname="Scenario: User create class with unfilled data" time="0"/>
  <testcase name="And mentor &quot;&quot;" classname="Scenario: User create class with unfilled data" time="0"/>
  <testcase name="Then Should appear &quot;Failed add new Class&quot;" classname="Scenario: User create class with unfilled data" time="0"/>
  <testcase name="And Click Oke" classname="Scenario: User create class with unfilled data" time="0"/>
  <testcase name="" classname="Scenario: User create class with unfilled data" time="1.106"/>
  <testcase name="Given User open the website management mentee" classname="Scenario: User update with valid data" time="0">
    <system-out><![CDATA[
  @Defect
  Scenario: User create class with unfilled data                                &amp#27;[90m# features/UserIca.feature:18&amp#27;[0m
    &amp#27;[32mGiven &amp#27;[0m&amp#27;[32mUser open the website management mentee&amp#27;[0m                               &amp#27;[90m# UserAliaSteps.userOpenTheWebsiteManagementMentee()&amp#27;[0m
    &amp#27;[32mWhen &amp#27;[0m&amp#27;[32mUser input "&amp#27;[0m&amp#27;[32m&amp#27;[1mtomas@gmail.com&amp#27;[0m&amp#27;[32m" as userName and input "&amp#27;[0m&amp#27;[32m&amp#27;[1m12345&amp#27;[0m&amp#27;[32m" as password&amp#27;[0m &amp#27;[90m# SuperAdminSteps.inputCredential(String,String)&amp#27;[0m
    &amp#27;[32mThen &amp#27;[0m&amp#27;[32mUser already sign in as user at management mente website&amp#27;[0m               &amp#27;[90m# UserAliaSteps.userAlreadySignInAsUserAdminAtManagementMenteWebsite()&amp#27;[0m
    &amp#27;[32mAnd &amp#27;[0m&amp#27;[32mUser click button OK&amp#27;[0m                                                    &amp#27;[90m# SuperAdminSteps.userClickButtonOK()&amp#27;[0m
    &amp#27;[32mWhen &amp#27;[0m&amp#27;[32mUser Click Class&amp#27;[0m                                                       &amp#27;[90m# UserAliaSteps.userClickClassMenu()&amp#27;[0m
    &amp#27;[32mThen &amp#27;[0m&amp#27;[32mUser add new class&amp#27;[0m                                                     &amp#27;[90m# UserIcaSteps.userAddNewClass()&amp#27;[0m
    &amp#27;[32mAnd &amp#27;[0m&amp#27;[32mInput name "&amp#27;[0m&amp#27;[32m&amp#27;[1m&amp#27;[0m&amp#27;[32m" date start "&amp#27;[0m&amp#27;[32m&amp#27;[1m&amp#27;[0m&amp#27;[32m" date graduate "&amp#27;[0m&amp#27;[32m&amp#27;[1m&amp#27;[0m&amp#27;[32m"&amp#27;[0m                            &amp#27;[90m# UserIcaSteps.inputNameDateStartDateGraduateAndMentor(String,String,String)&amp#27;[0m
    &amp#27;[32mAnd &amp#27;[0m&amp#27;[32mmentor "&amp#27;[0m&amp#27;[32m&amp#27;[1m&amp#27;[0m&amp#27;[32m"&amp#27;[0m                                                               &amp#27;[90m# UserIcaSteps.mentor(String)&amp#27;[0m
    &amp#27;[32mThen &amp#27;[0m&amp#27;[32mShould appear "&amp#27;[0m&amp#27;[32m&amp#27;[1mFailed add new Class&amp#27;[0m&amp#27;[32m"&amp#27;[0m                                   &amp#27;[90m# UserIcaSteps.shouldAppearAddNewClassSuccess(String)&amp#27;[0m
    &amp#27;[32mAnd &amp#27;[0m&amp#27;[32mClick Oke&amp#27;[0m                                                               &amp#27;[90m# UserIcaSteps.clickOke()&amp#27;[0m
]]></system-out>
    <system-err><![CDATA[Starting ChromeDriver 109.0.5414.74 (e7c5703604daa9cc128ccf5a5d3e993513758913-refs/branch-heads/5414@{#1172}) on port 61450
Only local connections are allowed.
Please see https://chromedriver.chromium.org/security-considerations for suggestions on keeping ChromeDriver safe.
ChromeDriver was started successfully.
Mar 20, 2023 7:50:21 AM org.openqa.selenium.remote.ProtocolHandshake createSession
INFO: Detected dialect: W3C
Mar 20, 2023 7:50:21 AM org.openqa.selenium.devtools.CdpVersionFinder findNearestMatch
WARNING: Unable to find an exact match for CDP version 109, so returning the closest version found: a no-op implementation
Mar 20, 2023 7:50:21 AM org.openqa.selenium.devtools.CdpVersionFinder findNearestMatch
INFO: Unable to find CDP implementation matching 109.
Mar 20, 2023 7:50:21 AM org.openqa.selenium.chromium.ChromiumDriver lambda$new$3
WARNING: Unable to find version of CDP to use for . You may need to include a dependency on a specific version of the CDP using something similar to `org.seleniumhq.selenium:selenium-devtools-v86:4.1.2` where the version ("v86") matches the version of the chromium-based browser you're using and the version number of the artifact is the same as Selenium's.
]]></system-err>
  </testcase>
  <testcase name="When User input &quot;tomas@gmail.com&quot; as userName and input &quot;12345&quot; as password" classname="Scenario: User update with valid data" time="0"/>
  <testcase name="Then User already sign in as user at management mente website" classname="Scenario: User update with valid data" time="0"/>
  <testcase name="And User click button OK" classname="Scenario: User update with valid data" time="0"/>
  <testcase name="When User Click Class" classname="Scenario: User update with valid data" time="0"/>
  <testcase name="Then User update class" classname="Scenario: User update with valid data" time="0"/>
  <testcase name="And Update by input name &quot;DataB&quot; start date &quot;16/03/2023&quot; and graduation date &quot;18/03/2023&quot;" classname="Scenario: User update with valid data" time="0"/>
  <testcase name="And Update mentor &quot;tomasss&quot;" classname="Scenario: User update with valid data" time="0"/>
  <testcase name="" classname="Scenario: User update with valid data" time="1.109"/>
  <testcase name="Given User open the website management mentee" classname="Scenario: User deleteing valid data" time="0">
    <system-out><![CDATA[
  Scenario: User update with valid data                                                       &amp#27;[90m# features/UserIca.feature:30&amp#27;[0m
    &amp#27;[32mGiven &amp#27;[0m&amp#27;[32mUser open the website management mentee&amp#27;[0m                                             &amp#27;[90m# UserAliaSteps.userOpenTheWebsiteManagementMentee()&amp#27;[0m
    &amp#27;[32mWhen &amp#27;[0m&amp#27;[32mUser input "&amp#27;[0m&amp#27;[32m&amp#27;[1mtomas@gmail.com&amp#27;[0m&amp#27;[32m" as userName and input "&amp#27;[0m&amp#27;[32m&amp#27;[1m12345&amp#27;[0m&amp#27;[32m" as password&amp#27;[0m               &amp#27;[90m# SuperAdminSteps.inputCredential(String,String)&amp#27;[0m
    &amp#27;[32mThen &amp#27;[0m&amp#27;[32mUser already sign in as user at management mente website&amp#27;[0m                             &amp#27;[90m# UserAliaSteps.userAlreadySignInAsUserAdminAtManagementMenteWebsite()&amp#27;[0m
    &amp#27;[32mAnd &amp#27;[0m&amp#27;[32mUser click button OK&amp#27;[0m                                                                  &amp#27;[90m# SuperAdminSteps.userClickButtonOK()&amp#27;[0m
    &amp#27;[32mWhen &amp#27;[0m&amp#27;[32mUser Click Class&amp#27;[0m                                                                     &amp#27;[90m# UserAliaSteps.userClickClassMenu()&amp#27;[0m
    &amp#27;[32mThen &amp#27;[0m&amp#27;[32mUser update class&amp#27;[0m                                                                    &amp#27;[90m# UserIcaSteps.userUpdateClass()&amp#27;[0m
    &amp#27;[32mAnd &amp#27;[0m&amp#27;[32mUpdate by input name "&amp#27;[0m&amp#27;[32m&amp#27;[1mDataB&amp#27;[0m&amp#27;[32m" start date "&amp#27;[0m&amp#27;[32m&amp#27;[1m16/03/2023&amp#27;[0m&amp#27;[32m" and graduation date "&amp#27;[0m&amp#27;[32m&amp#27;[1m18/03/2023&amp#27;[0m&amp#27;[32m"&amp#27;[0m &amp#27;[90m# UserIcaSteps.updateByInputNameStartDateAndGraduationDate(String,String,String)&amp#27;[0m
    &amp#27;[32mAnd &amp#27;[0m&amp#27;[32mUpdate mentor "&amp#27;[0m&amp#27;[32m&amp#27;[1mtomasss&amp#27;[0m&amp#27;[32m"&amp#27;[0m                                                               &amp#27;[90m# UserIcaSteps.mentorUpdate(String)&amp#27;[0m
]]></system-out>
    <system-err><![CDATA[Starting ChromeDriver 109.0.5414.74 (e7c5703604daa9cc128ccf5a5d3e993513758913-refs/branch-heads/5414@{#1172}) on port 54906
Only local connections are allowed.
Please see https://chromedriver.chromium.org/security-considerations for suggestions on keeping ChromeDriver safe.
ChromeDriver was started successfully.
Mar 20, 2023 7:50:59 AM org.openqa.selenium.remote.ProtocolHandshake createSession
INFO: Detected dialect: W3C
Mar 20, 2023 7:50:59 AM org.openqa.selenium.devtools.CdpVersionFinder findNearestMatch
WARNING: Unable to find an exact match for CDP version 109, so returning the closest version found: a no-op implementation
Mar 20, 2023 7:50:59 AM org.openqa.selenium.devtools.CdpVersionFinder findNearestMatch
INFO: Unable to find CDP implementation matching 109.
Mar 20, 2023 7:50:59 AM org.openqa.selenium.chromium.ChromiumDriver lambda$new$3
WARNING: Unable to find version of CDP to use for . You may need to include a dependency on a specific version of the CDP using something similar to `org.seleniumhq.selenium:selenium-devtools-v86:4.1.2` where the version ("v86") matches the version of the chromium-based browser you're using and the version number of the artifact is the same as Selenium's.
]]></system-err>
  </testcase>
  <testcase name="When User input &quot;tomas@gmail.com&quot; as userName and input &quot;12345&quot; as password" classname="Scenario: User deleteing valid data" time="0"/>
  <testcase name="Then User already sign in as user at management mente website" classname="Scenario: User deleteing valid data" time="0"/>
  <testcase name="And User click button OK" classname="Scenario: User deleteing valid data" time="0"/>
  <testcase name="When User Click Class" classname="Scenario: User deleteing valid data" time="0"/>
  <testcase name="Then User Deleting data containing the name aa" classname="Scenario: User deleteing valid data" time="0"/>
  <testcase name="" classname="Scenario: User deleteing valid data" time="1.107"/>
</testsuite>